Analysis initiated from SIMULIA established products
Abaqus JOB BP-1
Abaqus 2022
Abaqus License Manager checked out the following licenses:
Abaqus/Standard checked out 5 tokens from Flexnet server abaqus.lisens.ntnu.no.
<817 out of 1000 licenses remain available>.
Begin Analysis Input File Processor
31.03.2025 18:32:45
Run pre.exe

 ***WARNING: Interactive messaging has been requested for this analysis run, 
             but initialization of the messaging system has failed.  Therefore 
             no messages will be sent to Abaqus/CAE for this phase of the 
             analysis.
Warning: Failed initial connection to umbrella
31.03.2025 18:33:04
End Analysis Input File Processor
Begin Abaqus/Standard Analysis
31.03.2025 18:33:04
Run standard.exe
Warning: Failed initial connection to umbrella

 ***WARNING: Interactive messaging has been requested for this analysis run, 
             but initialization of the messaging system has failed.  Therefore 
             no messages will be sent to Abaqus/CAE for this phase of the 
             analysis.
31.03.2025 18:34:36
End Abaqus/Standard Analysis
Begin SIM Wrap-up
31.03.2025 18:34:38
Run SMASimUtility.exe
31.03.2025 18:34:38
End SIM Wrap-up
Abaqus JOB BP-1 COMPLETED
