Analysis initiated from SIMULIA established products
Abaqus JOB Job-4
Abaqus 2022
Abaqus License Manager checked out the following licenses:
Abaqus/Standard checked out 5 tokens from Flexnet server abaqus.lisens.ntnu.no.
<553 out of 1000 licenses remain available>.
Begin Analysis Input File Processor
08.04.2025 21:33:31
Run pre.exe

 ***WARNING: Interactive messaging has been requested for this analysis run, 
             but initialization of the messaging system has failed.  Therefore 
             no messages will be sent to Abaqus/CAE for this phase of the 
             analysis.
Warning: Failed initial connection to umbrella
08.04.2025 21:33:50
End Analysis Input File Processor
Begin Abaqus/Standard Analysis
08.04.2025 21:33:50
Run standard.exe
Warning: Failed initial connection to umbrella

 ***WARNING: Interactive messaging has been requested for this analysis run, 
             but initialization of the messaging system has failed.  Therefore 
             no messages will be sent to Abaqus/CAE for this phase of the 
             analysis.
08.04.2025 21:35:01
End Abaqus/Standard Analysis
Begin SIM Wrap-up
08.04.2025 21:35:02
Run SMASimUtility.exe
08.04.2025 21:35:02
End SIM Wrap-up
Abaqus JOB Job-4 COMPLETED
