Analysis initiated from SIMULIA established products
Abaqus JOB Job-2
Abaqus 2022
Abaqus License Manager checked out the following licenses:
Abaqus/Standard checked out 5 tokens from Flexnet server abaqus.lisens.ntnu.no.
<643 out of 1000 licenses remain available>.
Begin Analysis Input File Processor
08.04.2025 19:00:22
Run pre.exe

 ***WARNING: Interactive messaging has been requested for this analysis run, 
             but initialization of the messaging system has failed.  Therefore 
             no messages will be sent to Abaqus/CAE for this phase of the 
             analysis.
Warning: Failed initial connection to umbrella
08.04.2025 19:00:41
End Analysis Input File Processor
Begin Abaqus/Standard Analysis
08.04.2025 19:00:41
Run standard.exe
Warning: Failed initial connection to umbrella

 ***WARNING: Interactive messaging has been requested for this analysis run, 
             but initialization of the messaging system has failed.  Therefore 
             no messages will be sent to Abaqus/CAE for this phase of the 
             analysis.
08.04.2025 19:01:07
End Abaqus/Standard Analysis
Begin SIM Wrap-up
08.04.2025 19:01:09
Run SMASimUtility.exe
08.04.2025 19:01:09
End SIM Wrap-up
Abaqus JOB Job-2 COMPLETED
