Analysis initiated from SIMULIA established products
Abaqus JOB 1_bolt
Abaqus 2022
Abaqus License Manager checked out the following licenses:
Abaqus/Standard checked out 5 tokens from Flexnet server abaqus.lisens.ntnu.no.
<863 out of 1000 licenses remain available>.
Begin Analysis Input File Processor
24.04.2025 10:35:49
Run pre.exe

 ***WARNING: Interactive messaging has been requested for this analysis run, 
             but initialization of the messaging system has failed.  Therefore 
             no messages will be sent to Abaqus/CAE for this phase of the 
             analysis.
Warning: Failed initial connection to umbrella
24.04.2025 10:36:07
End Analysis Input File Processor
Begin Abaqus/Standard Analysis
24.04.2025 10:36:07
Run standard.exe
Warning: Failed initial connection to umbrella

 ***WARNING: Interactive messaging has been requested for this analysis run, 
             but initialization of the messaging system has failed.  Therefore 
             no messages will be sent to Abaqus/CAE for this phase of the 
             analysis.
24.04.2025 10:36:29
End Abaqus/Standard Analysis
Begin SIM Wrap-up
24.04.2025 10:36:30
Run SMASimUtility.exe
24.04.2025 10:36:30
End SIM Wrap-up
Abaqus JOB 1_bolt COMPLETED
