Analysis initiated from SIMULIA established products
Abaqus JOB A4
Abaqus 2022
Abaqus License Manager checked out the following licenses:
Abaqus/Standard checked out 5 tokens from Flexnet server abaqus.lisens.ntnu.no.
<917 out of 1000 licenses remain available>.
Begin Analysis Input File Processor
22.04.2025 11:07:55
Run pre.exe

 ***WARNING: Interactive messaging has been requested for this analysis run, 
             but initialization of the messaging system has failed.  Therefore 
             no messages will be sent to Abaqus/CAE for this phase of the 
             analysis.
Warning: Failed initial connection to umbrella
22.04.2025 11:08:13
End Analysis Input File Processor
Begin Abaqus/Standard Analysis
22.04.2025 11:08:13
Run standard.exe
Warning: Failed initial connection to umbrella

 ***WARNING: Interactive messaging has been requested for this analysis run, 
             but initialization of the messaging system has failed.  Therefore 
             no messages will be sent to Abaqus/CAE for this phase of the 
             analysis.
22.04.2025 11:08:35
End Abaqus/Standard Analysis
Begin SIM Wrap-up
22.04.2025 11:08:36
Run SMASimUtility.exe
22.04.2025 11:08:36
End SIM Wrap-up
Abaqus JOB A4 COMPLETED
