Analysis initiated from SIMULIA established products
Abaqus JOB reduced_width
Abaqus 2022
Abaqus License Manager checked out the following licenses:
Abaqus/Standard checked out 5 tokens from Flexnet server abaqus.lisens.ntnu.no.
<525 out of 1000 licenses remain available>.
Begin Analysis Input File Processor
30.04.2025 10:48:13
Run pre.exe

 ***WARNING: Interactive messaging has been requested for this analysis run, 
             but initialization of the messaging system has failed.  Therefore 
             no messages will be sent to Abaqus/CAE for this phase of the 
             analysis.
Warning: Failed initial connection to umbrella
30.04.2025 10:48:31
End Analysis Input File Processor
Begin Abaqus/Standard Analysis
30.04.2025 10:48:31
Run standard.exe
Warning: Failed initial connection to umbrella

 ***WARNING: Interactive messaging has been requested for this analysis run, 
             but initialization of the messaging system has failed.  Therefore 
             no messages will be sent to Abaqus/CAE for this phase of the 
             analysis.
30.04.2025 10:48:52
End Abaqus/Standard Analysis
Begin SIM Wrap-up
30.04.2025 10:48:54
Run SMASimUtility.exe
30.04.2025 10:48:54
End SIM Wrap-up
Abaqus JOB reduced_width COMPLETED
