Analysis initiated from SIMULIA established products
Abaqus JOB transverse
Abaqus 2022
Abaqus License Manager checked out the following licenses:
Abaqus/Standard checked out 5 tokens from Flexnet server abaqus.lisens.ntnu.no.
<836 out of 1000 licenses remain available>.
Begin Analysis Input File Processor
24.04.2025 11:00:58
Run pre.exe

 ***WARNING: Interactive messaging has been requested for this analysis run, 
             but initialization of the messaging system has failed.  Therefore 
             no messages will be sent to Abaqus/CAE for this phase of the 
             analysis.
Warning: Failed initial connection to umbrella
24.04.2025 11:01:16
End Analysis Input File Processor
Begin Abaqus/Standard Analysis
24.04.2025 11:01:16
Run standard.exe
Warning: Failed initial connection to umbrella

 ***WARNING: Interactive messaging has been requested for this analysis run, 
             but initialization of the messaging system has failed.  Therefore 
             no messages will be sent to Abaqus/CAE for this phase of the 
             analysis.
24.04.2025 11:01:37
End Abaqus/Standard Analysis
Begin SIM Wrap-up
24.04.2025 11:01:38
Run SMASimUtility.exe
24.04.2025 11:01:38
End SIM Wrap-up
Abaqus JOB transverse COMPLETED
