Analysis initiated from SIMULIA established products
Abaqus JOB Job-1
Abaqus 2022
Abaqus License Manager checked out the following licenses:
Abaqus/Standard checked out 5 tokens from Flexnet server abaqus.lisens.ntnu.no.
<635 out of 1000 licenses remain available>.
Begin Analysis Input File Processor
07.03.2025 10:22:08
Run pre.exe

 ***WARNING: Interactive messaging has been requested for this analysis run, 
             but initialization of the messaging system has failed.  Therefore 
             no messages will be sent to Abaqus/CAE for this phase of the 
             analysis.
Warning: Failed initial connection to umbrella
07.03.2025 10:22:27
End Analysis Input File Processor
Begin Abaqus/Standard Analysis
07.03.2025 10:22:27
Run standard.exe
Warning: Failed initial connection to umbrella

 ***WARNING: Interactive messaging has been requested for this analysis run, 
             but initialization of the messaging system has failed.  Therefore 
             no messages will be sent to Abaqus/CAE for this phase of the 
             analysis.
07.03.2025 10:22:48
End Abaqus/Standard Analysis
Begin SIM Wrap-up
07.03.2025 10:22:49
Run SMASimUtility.exe
07.03.2025 10:22:49
End SIM Wrap-up
Abaqus JOB Job-1 COMPLETED
